<?xml version="1.0" encoding="UTF-8"?>
<!-- Generated by org.testng.reporters.JUnitReportReporter -->
<testsuite skipped="0" hostname="LAPTOP-8T6BU5UQ" name="TestCases.HomePage" tests="2" failures="0" timestamp="21 May 2019 19:25:54 GMT" time="34.349" errors="0">
  <testcase name="basePageNavigation" time="18.693" classname="TestCases.HomePage"/>
  <testcase name="basePageNavigation" time="15.656" classname="TestCases.HomePage"/>
</testsuite> <!-- TestCases.HomePage -->
